{
  "RSpec": {
    "coverage": {
      "/Volumes/Development/kowsalya-github/circuit-oneops-1/components/cookbooks/neutron/libraries/utils.rb": [
        1,
        20,
        null,
        null,
        18,
        18,
        18,
        17,
        17,
        17,
        17,
        17,
        17,
        null,
        null,
        1,
        null,
        null,
        null,
        1,
        0,
        0,
        0,
        0,
        0,
        0,
        0,
        null,
        null,
        0,
        0,
        null,
        0,
        null,
        null,
        1,
        16,
        15,
        15,
        15,
        null,
        15,
        7,
        7,
        null,
        null,
        15,
        null,
        null,
        1,
        13,
        11,
        11,
        null,
        11,
        null,
        null,
        1,
        12,
        12,
        11,
        null,
        11,
        null,
        null,
        1,
        0,
        null,
        0,
        0,
        0,
        0,
        null,
        null,
        null,
        0,
        null,
        null,
        1,
        0,
        0,
        0,
        0,
        null,
        0,
        0,
        0,
        0,
        0,
        null,
        0,
        0,
        0,
        0,
        null,
        0,
        0,
        0,
        null,
        0,
        null,
        null,
        0,
        null,
        null,
        0,
        null
      ],
      "/Volumes/Development/kowsalya-github/circuit-oneops-1/components/cookbooks/neutron/libraries/models/lbaas/loadbalancer_model.rb": [
        1,
        1,
        1,
        null,
        1,
        null,
        1,
        30,
        null,
        28,
        28,
        28,
        28,
        28,
        28,
        28,
        28,
        28,
        null,
        null,
        1,
        null,
        null,
        1,
        30,
        null,
        null,
        1,
        6,
        6,
        6,
        6,
        6,
        6,
        6,
        null,
        6,
        null,
        null,
        null,
        null
      ],
      "/Volumes/Development/kowsalya-github/circuit-oneops-1/components/cookbooks/neutron/libraries/models/lbaas/base_model.rb": [
        null,
        1,
        null,
        1,
        257,
        null,
        null,
        1,
        null,
        1,
        74,
        73,
        null,
        1,
        null,
        null,
        null,
        1,
        4,
        null,
        null,
        1,
        108,
        107,
        103,
        null,
        4,
        null,
        null,
        1,
        null,
        1,
        2,
        2,
        1,
        null,
        1,
        null,
        null,
        1,
        null,
        null
      ],
      "/Volumes/Development/kowsalya-github/circuit-oneops-1/components/cookbooks/neutron/libraries/models/lbaas/label_model.rb": [
        1,
        null,
        1,
        null,
        1,
        256,
        256,
        null,
        null,
        1,
        null,
        1,
        93,
        null,
        null,
        1,
        38,
        null,
        null,
        1,
        131,
        null,
        1,
        null
      ],
      "/Volumes/Development/kowsalya-github/circuit-oneops-1/components/cookbooks/neutron/libraries/models/lbaas/listener_model.rb": [
        1,
        1,
        null,
        1,
        1,
        1,
        1,
        1,
        null,
        null,
        1,
        50,
        47,
        null,
        43,
        43,
        43,
        43,
        43,
        43,
        43,
        43,
        43,
        43,
        43,
        null,
        null,
        1,
        null,
        null,
        1,
        1,
        1,
        null,
        null,
        null,
        1,
        15,
        14,
        null,
        1,
        null,
        null,
        null,
        1,
        20,
        null,
        null,
        1,
        6,
        6,
        6,
        6,
        6,
        6,
        null,
        6,
        null,
        null,
        1,
        50,
        50,
        47,
        null,
        3,
        null,
        null,
        1,
        null,
        1,
        14,
        2,
        null,
        14,
        null,
        1,
        null,
        null,
        null
      ],
      "/Volumes/Development/kowsalya-github/circuit-oneops-1/components/cookbooks/neutron/libraries/models/lbaas/pool_model.rb": [
        1,
        1,
        1,
        null,
        null,
        1,
        1,
        1,
        1,
        1,
        null,
        null,
        1,
        1,
        1,
        1,
        null,
        null,
        1,
        66,
        66,
        null,
        66,
        66,
        64,
        61,
        61,
        61,
        61,
        61,
        61,
        61,
        61,
        null,
        null,
        1,
        null,
        null,
        1,
        4,
        null,
        null,
        1,
        26,
        24,
        2,
        1,
        null,
        1,
        null,
        null,
        null,
        1,
        39,
        null,
        null,
        1,
        24,
        null,
        null,
        1,
        7,
        7,
        7,
        7,
        7,
        7,
        7,
        7,
        null,
        7,
        null,
        null,
        1,
        66,
        66,
        64,
        null,
        2,
        null,
        null,
        1,
        null,
        1,
        null,
        null,
        null,
        null,
        2,
        null,
        null,
        1,
        68,
        null,
        68,
        2,
        null,
        12,
        null,
        9,
        null,
        1,
        null,
        1,
        null,
        43,
        null,
        null,
        68,
        65,
        null,
        3,
        null,
        null,
        null,
        null,
        1,
        null,
        null,
        null
      ],
      "/Volumes/Development/kowsalya-github/circuit-oneops-1/components/cookbooks/neutron/libraries/models/lbaas/session_persistence_model.rb": [
        null,
        1,
        1,
        1,
        1,
        1,
        null,
        null,
        1,
        22,
        null,
        20,
        19,
        null,
        null,
        1,
        null,
        1,
        3,
        2,
        null,
        1,
        null,
        null,
        null,
        1,
        9,
        9,
        9,
        null,
        9,
        null,
        null,
        1,
        20,
        20,
        11,
        null,
        2,
        null,
        null,
        20,
        19,
        null,
        1,
        null,
        null,
        1,
        null,
        null
      ],
      "/Volumes/Development/kowsalya-github/circuit-oneops-1/components/cookbooks/neutron/libraries/models/lbaas/member_model.rb": [
        1,
        1,
        1,
        null,
        1,
        null,
        1,
        63,
        58,
        58,
        null,
        58,
        58,
        58,
        58,
        58,
        58,
        58,
        58,
        58,
        null,
        null,
        1,
        null,
        1,
        2,
        1,
        null,
        null,
        null,
        1,
        29,
        28,
        null,
        1,
        null,
        null,
        null,
        1,
        8,
        8,
        8,
        8,
        8,
        null,
        8,
        null,
        null,
        1,
        28,
        2,
        null,
        28,
        null,
        1,
        null,
        null,
        null
      ],
      "/Volumes/Development/kowsalya-github/circuit-oneops-1/components/cookbooks/neutron/libraries/models/lbaas/health_monitor_model.rb": [
        1,
        1,
        null,
        1,
        1,
        1,
        1,
        1,
        1,
        null,
        null,
        1,
        1,
        1,
        1,
        null,
        null,
        1,
        59,
        58,
        58,
        58,
        null,
        58,
        58,
        58,
        58,
        58,
        58,
        58,
        58,
        null,
        58,
        58,
        58,
        58,
        null,
        null,
        1,
        null,
        null,
        null,
        null,
        null,
        1,
        5,
        4,
        2,
        null,
        null,
        null,
        null,
        1,
        5,
        4,
        2,
        null,
        null,
        null,
        null,
        1,
        5,
        5,
        4,
        2,
        null,
        null,
        null,
        null,
        1,
        45,
        45,
        null,
        null,
        null,
        1,
        34,
        33,
        null,
        null,
        null,
        1,
        14,
        null,
        null,
        1,
        6,
        6,
        6,
        6,
        6,
        6,
        6,
        null,
        6,
        null,
        null,
        1,
        59,
        59,
        null,
        58,
        null,
        1,
        null,
        null,
        1,
        null,
        1,
        62,
        60,
        null,
        2,
        null,
        null,
        1,
        null,
        1,
        62,
        60,
        null,
        2,
        null,
        null,
        1,
        null,
        1,
        62,
        60,
        null,
        2,
        null,
        null,
        1,
        null,
        1,
        45,
        null,
        45,
        43,
        null,
        2,
        null,
        null,
        1,
        null,
        null,
        null
      ],
      "/Volumes/Development/kowsalya-github/circuit-oneops-1/components/cookbooks/neutron/libraries/models/tenant_model.rb": [
        1,
        null,
        1,
        null,
        1,
        47,
        46,
        45,
        44,
        null,
        43,
        43,
        43,
        43,
        null,
        null,
        1,
        null,
        1,
        174,
        174,
        174,
        null,
        null,
        1,
        172,
        null,
        null,
        1,
        172,
        null,
        null,
        1,
        1,
        1,
        1,
        1,
        null,
        1,
        null,
        null
      ],
      "/Volumes/Development/kowsalya-github/circuit-oneops-1/components/cookbooks/neutron/libraries/loadbalancer_manager.rb": [
        1,
        1,
        1,
        1,
        1,
        1,
        1,
        1,
        1,
        1,
        null,
        1,
        null,
        1,
        19,
        null,
        19,
        19,
        19,
        19,
        19,
        19,
        null,
        null,
        1,
        2,
        null,
        2,
        1,
        null,
        1,
        1,
        1,
        1,
        1,
        2,
        null,
        1,
        null,
        null,
        null,
        1,
        null,
        null,
        1,
        1,
        1,
        0,
        0,
        null,
        null,
        1,
        null,
        null,
        1,
        13,
        null,
        11,
        8,
        null,
        3,
        1,
        null,
        null,
        9,
        9,
        9,
        9,
        9,
        9,
        9,
        null,
        9,
        null,
        9,
        null,
        null,
        null,
        1,
        4,
        null,
        3,
        2,
        1,
        0,
        null,
        1,
        1,
        1,
        1,
        null,
        1,
        1,
        null,
        1,
        null,
        null,
        1,
        0,
        null,
        null,
        1,
        null,
        null,
        null,
        null,
        null,
        null,
        null
      ],
      "/Volumes/Development/kowsalya-github/circuit-oneops-1/components/cookbooks/neutron/libraries/data_access/lbaas/loadbalancer_dao.rb": [
        1,
        null,
        1,
        null,
        1,
        19,
        null,
        19,
        null,
        null,
        1,
        1,
        null,
        1,
        1,
        1,
        1,
        null,
        null,
        1,
        null,
        null,
        1,
        0,
        null,
        0,
        null,
        0,
        0,
        0,
        null,
        0,
        null,
        null,
        null,
        1,
        2,
        null,
        2,
        2,
        2,
        null,
        2,
        1,
        null,
        1,
        null,
        null,
        null,
        1,
        7,
        null,
        7,
        7,
        4,
        null,
        4,
        3,
        null,
        1,
        null,
        null,
        null,
        1,
        10,
        null,
        10,
        null,
        10,
        10,
        10,
        null,
        null,
        null,
        10,
        10,
        10,
        10,
        null,
        null,
        10,
        null,
        null,
        1,
        1,
        null,
        1,
        1,
        null,
        null,
        null,
        null,
        1,
        0,
        0,
        null,
        0,
        null,
        null,
        1,
        0,
        0,
        0,
        null,
        0,
        null,
        0,
        null,
        null,
        null
      ],
      "/Volumes/Development/kowsalya-github/circuit-oneops-1/components/cookbooks/neutron/libraries/data_access/lbaas/listener_dao.rb": [
        1,
        1,
        null,
        1,
        null,
        1,
        25,
        null,
        25,
        null,
        null,
        1,
        2,
        2,
        null,
        2,
        2,
        null,
        2,
        2,
        null,
        null,
        2,
        null,
        null,
        1,
        9,
        null,
        9,
        9,
        null,
        9,
        9,
        null,
        null,
        9,
        9,
        9,
        9,
        null,
        9,
        null,
        null,
        null,
        1,
        5,
        null,
        5,
        5,
        null,
        4,
        3,
        1,
        1,
        null,
        null,
        null,
        1,
        4,
        4,
        null,
        4,
        4,
        null,
        null,
        1,
        0,
        0,
        null,
        0,
        0,
        null,
        0,
        0,
        null,
        null,
        0,
        null,
        null,
        null
      ],
      "/Volumes/Development/kowsalya-github/circuit-oneops-1/components/cookbooks/neutron/libraries/requests/lbaas/listener_request.rb": [
        1,
        1,
        null,
        1,
        null,
        1,
        2,
        null,
        null,
        null,
        null,
        null,
        null,
        null,
        2,
        12,
        8,
        null,
        null,
        2,
        null,
        null,
        null,
        null,
        null,
        null,
        null,
        1,
        0,
        null,
        0,
        0,
        0,
        null,
        null,
        0,
        null,
        null,
        null,
        null,
        null,
        null,
        null,
        1,
        0,
        null,
        null,
        null,
        null,
        null,
        null,
        null,
        1,
        14,
        null,
        null,
        null,
        null,
        null,
        null,
        1,
        4,
        null,
        null,
        null,
        null,
        null,
        null
      ],
      "/Volumes/Development/kowsalya-github/circuit-oneops-1/components/cookbooks/neutron/libraries/requests/base_request.rb": [
        1,
        1,
        1,
        1,
        null,
        null,
        1,
        1,
        1,
        1,
        null,
        1,
        171,
        171,
        171,
        171,
        171,
        171,
        171,
        171,
        null,
        null,
        1,
        145,
        145,
        null,
        145,
        145,
        null,
        null,
        null,
        null,
        null,
        null,
        null,
        null,
        0,
        0,
        null,
        null,
        145,
        null,
        null,
        1,
        145,
        145,
        null,
        null,
        null,
        null,
        null,
        null,
        2,
        null,
        null,
        141,
        null,
        null,
        1,
        31,
        null,
        31,
        31,
        31,
        null,
        31,
        31,
        31,
        31,
        31,
        null,
        0,
        0,
        null,
        null,
        31,
        null,
        null,
        null
      ],
      "/Volumes/Development/kowsalya-github/circuit-oneops-1/components/cookbooks/neutron/libraries/data_access/lbaas/pool_dao.rb": [
        1,
        1,
        null,
        1,
        null,
        1,
        27,
        null,
        27,
        null,
        null,
        1,
        2,
        2,
        2,
        null,
        2,
        2,
        2,
        2,
        null,
        null,
        2,
        null,
        null,
        1,
        15,
        null,
        15,
        15,
        15,
        15,
        null,
        null,
        15,
        15,
        15,
        15,
        15,
        null,
        15,
        null,
        null,
        null,
        1,
        6,
        6,
        null,
        6,
        null,
        6,
        null,
        null,
        1,
        1,
        1,
        1,
        null,
        1,
        null,
        1,
        1,
        1,
        1,
        1,
        null,
        null,
        1,
        null,
        null,
        null,
        null
      ],
      "/Volumes/Development/kowsalya-github/circuit-oneops-1/components/cookbooks/neutron/libraries/requests/lbaas/pool_request.rb": [
        1,
        1,
        null,
        1,
        null,
        1,
        2,
        null,
        null,
        null,
        null,
        null,
        null,
        null,
        2,
        12,
        8,
        null,
        null,
        2,
        null,
        null,
        null,
        null,
        null,
        null,
        null,
        1,
        1,
        null,
        1,
        6,
        5,
        null,
        1,
        null,
        null,
        null,
        null,
        null,
        null,
        null,
        1,
        0,
        null,
        null,
        null,
        null,
        null,
        null,
        null,
        1,
        15,
        null,
        null,
        null,
        null,
        null,
        null,
        1,
        6,
        null,
        null,
        null,
        null,
        null,
        null
      ],
      "/Volumes/Development/kowsalya-github/circuit-oneops-1/components/cookbooks/neutron/libraries/data_access/lbaas/member_dao.rb": [
        1,
        1,
        null,
        1,
        null,
        1,
        33,
        null,
        33,
        null,
        null,
        1,
        6,
        6,
        6,
        null,
        6,
        6,
        6,
        6,
        null,
        null,
        6,
        null,
        null,
        1,
        12,
        null,
        12,
        12,
        null,
        12,
        12,
        24,
        null,
        24,
        24,
        24,
        null,
        null,
        12,
        null,
        null,
        null,
        1,
        1,
        1,
        null,
        1,
        1,
        null,
        null,
        1,
        0,
        0,
        0,
        null,
        0,
        0,
        0,
        0,
        null,
        null,
        0,
        null,
        null,
        null
      ],
      "/Volumes/Development/kowsalya-github/circuit-oneops-1/components/cookbooks/neutron/libraries/requests/lbaas/member_request.rb": [
        1,
        1,
        null,
        1,
        null,
        1,
        6,
        null,
        null,
        null,
        null,
        null,
        null,
        null,
        6,
        30,
        20,
        null,
        null,
        6,
        null,
        null,
        null,
        null,
        null,
        null,
        null,
        1,
        0,
        null,
        0,
        0,
        0,
        null,
        null,
        0,
        null,
        null,
        null,
        null,
        null,
        null,
        null,
        1,
        12,
        null,
        null,
        null,
        null,
        null,
        null,
        null,
        1,
        0,
        null,
        null,
        null,
        null,
        null,
        null,
        1,
        1,
        null,
        null,
        null,
        null,
        null,
        null
      ],
      "/Volumes/Development/kowsalya-github/circuit-oneops-1/components/cookbooks/neutron/libraries/data_access/lbaas/health_monitor_dao.rb": [
        1,
        1,
        null,
        1,
        null,
        1,
        29,
        null,
        29,
        null,
        null,
        1,
        2,
        2,
        2,
        null,
        2,
        2,
        null,
        null,
        2,
        2,
        null,
        null,
        2,
        null,
        null,
        1,
        14,
        null,
        14,
        14,
        null,
        14,
        14,
        null,
        null,
        14,
        14,
        14,
        14,
        null,
        14,
        null,
        null,
        null,
        1,
        6,
        6,
        null,
        6,
        null,
        6,
        null,
        null,
        1,
        1,
        1,
        null,
        1,
        1,
        null,
        1,
        1,
        null,
        1,
        null,
        null,
        null
      ],
      "/Volumes/Development/kowsalya-github/circuit-oneops-1/components/cookbooks/neutron/libraries/requests/lbaas/health_monitor_request.rb": [
        1,
        1,
        null,
        1,
        null,
        1,
        2,
        null,
        null,
        null,
        null,
        null,
        null,
        null,
        null,
        null,
        2,
        14,
        10,
        null,
        null,
        2,
        null,
        null,
        null,
        null,
        null,
        null,
        null,
        1,
        1,
        null,
        1,
        8,
        4,
        null,
        1,
        null,
        null,
        null,
        null,
        null,
        null,
        null,
        1,
        0,
        null,
        null,
        null,
        null,
        null,
        null,
        null,
        1,
        14,
        null,
        null,
        null,
        null,
        null,
        null,
        1,
        6,
        null,
        null,
        null,
        null,
        null,
        null,
        null
      ],
      "/Volumes/Development/kowsalya-github/circuit-oneops-1/components/cookbooks/neutron/libraries/requests/lbaas/loadbalancer_request.rb": [
        1,
        1,
        null,
        1,
        null,
        1,
        1,
        null,
        null,
        null,
        null,
        null,
        1,
        7,
        4,
        null,
        null,
        1,
        null,
        null,
        null,
        null,
        null,
        null,
        null,
        1,
        0,
        null,
        0,
        0,
        0,
        null,
        null,
        0,
        null,
        null,
        null,
        null,
        null,
        null,
        null,
        1,
        9,
        null,
        null,
        null,
        null,
        null,
        null,
        null,
        1,
        41,
        null,
        null,
        null,
        null,
        null,
        null,
        1,
        1,
        null,
        null,
        null,
        null,
        null,
        null,
        1,
        0,
        null,
        null,
        null,
        null,
        null,
        null
      ],
      "/Volumes/Development/kowsalya-github/circuit-oneops-1/components/cookbooks/neutron/libraries/network_manager.rb": [
        1,
        null,
        1,
        null,
        1,
        7,
        null,
        7,
        null,
        null,
        1,
        7,
        null,
        7,
        null,
        null
      ],
      "/Volumes/Development/kowsalya-github/circuit-oneops-1/components/cookbooks/neutron/libraries/data_access/network/subnet_dao.rb": [
        1,
        null,
        1,
        null,
        1,
        7,
        null,
        7,
        null,
        null,
        1,
        7,
        null,
        7,
        7,
        7,
        null,
        7,
        null,
        null,
        null
      ],
      "/Volumes/Development/kowsalya-github/circuit-oneops-1/components/cookbooks/neutron/libraries/requests/network/subnet_request.rb": [
        1,
        1,
        null,
        1,
        null,
        1,
        7,
        null,
        null,
        null,
        null,
        null,
        null,
        null,
        1,
        0,
        null,
        null,
        null,
        null,
        null,
        null,
        null
      ],
      "/Volumes/Development/kowsalya-github/circuit-oneops-1/components/cookbooks/neutron/libraries/health_monitor_manager.rb": [
        1,
        1,
        1,
        1,
        1,
        1,
        1,
        1,
        1,
        1,
        1,
        1,
        2,
        null,
        null,
        1,
        1,
        null,
        null
      ],
      "/Volumes/Development/kowsalya-github/circuit-oneops-1/components/cookbooks/neutron/libraries/listener_manager.rb": [
        1,
        1,
        1,
        1,
        1,
        1,
        1,
        1,
        1,
        1,
        1,
        null,
        1,
        6,
        null,
        6,
        6,
        6,
        6,
        null,
        null,
        null,
        1,
        1,
        1,
        1,
        2,
        null,
        1,
        null,
        null,
        null,
        1,
        null,
        5,
        5,
        5,
        null,
        null,
        5,
        5,
        5,
        null,
        null,
        5,
        3,
        0,
        null,
        null,
        null,
        null
      ],
      "/Volumes/Development/kowsalya-github/circuit-oneops-1/components/cookbooks/neutron/libraries/member_manager.rb": [
        1,
        1,
        1,
        1,
        1,
        1,
        1,
        1,
        1,
        1,
        null,
        null,
        1,
        null,
        1,
        6,
        6,
        null,
        null,
        null,
        1,
        1,
        1,
        null,
        null,
        1,
        1,
        1,
        null,
        null,
        1,
        null,
        2,
        2,
        3,
        1,
        null,
        null,
        1,
        null,
        null,
        1,
        2,
        2,
        null,
        null,
        null
      ],
      "/Volumes/Development/kowsalya-github/circuit-oneops-1/components/cookbooks/neutron/libraries/pool_manager.rb": [
        1,
        1,
        1,
        1,
        1,
        1,
        1,
        1,
        1,
        1,
        1,
        1,
        2,
        null,
        2,
        2,
        2,
        null,
        null,
        null,
        1,
        1,
        1,
        null,
        null,
        null
      ]
    },
    "timestamp": 1491584225
  }
}
