{
  "RSpec": {
    "coverage": {
      "/Volumes/Development/kowsalya-github/circuit-oneops-1/components/cookbooks/neutron/libraries/utils.rb": [
        null,
        1,
        20,
        null,
        null,
        18,
        18,
        18,
        17,
        17,
        17,
        17,
        17,
        17,
        null,
        null,
        1,
        null,
        null,
        null,
        1,
        0,
        0,
        0,
        0,
        0,
        0,
        0,
        null,
        null,
        0,
        0,
        null,
        0,
        null,
        null,
        1,
        16,
        15,
        15,
        15,
        null,
        15,
        7,
        7,
        null,
        null,
        15,
        null,
        null,
        1,
        null,
        13,
        11,
        11,
        11,
        11,
        null,
        11,
        null,
        null,
        1,
        12,
        12,
        11,
        null,
        11,
        null,
        null,
        1,
        0,
        null,
        0,
        0,
        0,
        0,
        null,
        null,
        null,
        0,
        null,
        null,
        null,
        1,
        null,
        0,
        0,
        0,
        0,
        0,
        null,
        null,
        0,
        null,
        0,
        0,
        0,
        null,
        0,
        null,
        null,
        1,
        0,
        0,
        0,
        0,
        null,
        0,
        0,
        0,
        0,
        0,
        null,
        0,
        0,
        0,
        0,
        null,
        0,
        0,
        0,
        null,
        0,
        null,
        null,
        0,
        null,
        null,
        0,
        null,
        null
      ],
      "/Volumes/Development/kowsalya-github/circuit-oneops-1/components/cookbooks/neutron/libraries/models/lbaas/loadbalancer_model.rb": [
        1,
        1,
        1,
        null,
        1,
        null,
        1,
        31,
        null,
        29,
        29,
        29,
        29,
        29,
        29,
        29,
        29,
        29,
        null,
        null,
        1,
        null,
        null,
        1,
        32,
        null,
        null,
        1,
        6,
        6,
        6,
        6,
        6,
        6,
        6,
        null,
        6,
        null,
        null,
        null,
        null
      ],
      "/Volumes/Development/kowsalya-github/circuit-oneops-1/components/cookbooks/neutron/libraries/models/lbaas/base_model.rb": [
        null,
        1,
        null,
        1,
        263,
        null,
        null,
        1,
        null,
        1,
        80,
        79,
        null,
        1,
        null,
        null,
        null,
        1,
        4,
        null,
        null,
        1,
        111,
        110,
        106,
        null,
        4,
        null,
        null,
        1,
        null,
        1,
        2,
        2,
        1,
        null,
        1,
        null,
        null,
        1,
        null,
        null
      ],
      "/Volumes/Development/kowsalya-github/circuit-oneops-1/components/cookbooks/neutron/libraries/models/lbaas/label_model.rb": [
        1,
        null,
        1,
        null,
        1,
        262,
        262,
        null,
        null,
        1,
        null,
        1,
        96,
        null,
        null,
        1,
        41,
        null,
        null,
        1,
        137,
        null,
        1,
        null
      ],
      "/Volumes/Development/kowsalya-github/circuit-oneops-1/components/cookbooks/neutron/libraries/models/lbaas/listener_model.rb": [
        1,
        1,
        null,
        1,
        1,
        1,
        1,
        1,
        1,
        null,
        null,
        null,
        1,
        51,
        48,
        null,
        44,
        44,
        44,
        44,
        44,
        44,
        44,
        44,
        44,
        44,
        44,
        44,
        null,
        null,
        1,
        null,
        null,
        1,
        1,
        1,
        null,
        null,
        null,
        1,
        16,
        15,
        null,
        1,
        null,
        null,
        null,
        1,
        21,
        null,
        null,
        1,
        11,
        null,
        null,
        1,
        6,
        6,
        6,
        6,
        6,
        6,
        6,
        null,
        6,
        null,
        null,
        1,
        51,
        51,
        48,
        null,
        3,
        null,
        null,
        1,
        null,
        1,
        15,
        2,
        null,
        15,
        null,
        1,
        null,
        null,
        null
      ],
      "/Volumes/Development/kowsalya-github/circuit-oneops-1/components/cookbooks/neutron/libraries/models/lbaas/pool_model.rb": [
        1,
        1,
        1,
        null,
        null,
        1,
        1,
        1,
        1,
        1,
        null,
        null,
        1,
        1,
        1,
        1,
        null,
        null,
        1,
        67,
        67,
        null,
        67,
        67,
        65,
        62,
        62,
        62,
        62,
        62,
        62,
        62,
        62,
        null,
        null,
        1,
        null,
        null,
        1,
        4,
        null,
        null,
        1,
        27,
        25,
        2,
        1,
        null,
        1,
        null,
        null,
        null,
        1,
        41,
        null,
        null,
        1,
        25,
        null,
        null,
        1,
        5,
        5,
        5,
        5,
        5,
        5,
        5,
        5,
        null,
        5,
        null,
        null,
        1,
        67,
        67,
        65,
        null,
        2,
        null,
        null,
        1,
        null,
        1,
        null,
        null,
        null,
        null,
        2,
        null,
        null,
        1,
        69,
        null,
        69,
        2,
        null,
        12,
        null,
        9,
        null,
        1,
        null,
        1,
        null,
        44,
        null,
        null,
        69,
        66,
        null,
        3,
        null,
        null,
        null,
        null,
        1,
        null,
        null,
        null
      ],
      "/Volumes/Development/kowsalya-github/circuit-oneops-1/components/cookbooks/neutron/libraries/models/lbaas/session_persistence_model.rb": [
        null,
        1,
        1,
        1,
        1,
        1,
        null,
        null,
        1,
        22,
        null,
        20,
        19,
        null,
        null,
        1,
        null,
        1,
        3,
        2,
        null,
        1,
        null,
        null,
        null,
        1,
        9,
        9,
        9,
        null,
        9,
        null,
        null,
        1,
        20,
        20,
        11,
        null,
        2,
        null,
        null,
        20,
        19,
        null,
        1,
        null,
        null,
        1,
        null,
        null
      ],
      "/Volumes/Development/kowsalya-github/circuit-oneops-1/components/cookbooks/neutron/libraries/models/lbaas/member_model.rb": [
        1,
        1,
        1,
        null,
        1,
        null,
        1,
        65,
        60,
        60,
        null,
        60,
        60,
        60,
        60,
        60,
        60,
        60,
        60,
        60,
        null,
        null,
        1,
        null,
        1,
        2,
        1,
        null,
        null,
        null,
        1,
        31,
        30,
        null,
        1,
        null,
        null,
        null,
        1,
        4,
        4,
        4,
        4,
        4,
        null,
        4,
        null,
        null,
        1,
        30,
        2,
        null,
        30,
        null,
        1,
        null,
        null,
        null
      ],
      "/Volumes/Development/kowsalya-github/circuit-oneops-1/components/cookbooks/neutron/libraries/models/lbaas/health_monitor_model.rb": [
        1,
        1,
        null,
        1,
        1,
        1,
        1,
        1,
        1,
        null,
        null,
        1,
        1,
        1,
        1,
        null,
        null,
        1,
        60,
        59,
        59,
        59,
        null,
        59,
        59,
        59,
        59,
        59,
        59,
        59,
        59,
        null,
        59,
        59,
        59,
        59,
        null,
        null,
        1,
        null,
        null,
        null,
        null,
        null,
        1,
        5,
        4,
        2,
        null,
        null,
        null,
        null,
        1,
        5,
        4,
        2,
        null,
        null,
        null,
        null,
        1,
        5,
        5,
        4,
        2,
        null,
        null,
        null,
        null,
        1,
        46,
        46,
        null,
        null,
        null,
        1,
        35,
        34,
        null,
        null,
        null,
        1,
        15,
        null,
        null,
        1,
        4,
        4,
        4,
        4,
        4,
        4,
        4,
        null,
        4,
        null,
        null,
        1,
        60,
        60,
        null,
        59,
        null,
        1,
        null,
        null,
        1,
        null,
        1,
        63,
        61,
        null,
        2,
        null,
        null,
        1,
        null,
        1,
        63,
        61,
        null,
        2,
        null,
        null,
        1,
        null,
        1,
        63,
        61,
        null,
        2,
        null,
        null,
        1,
        null,
        1,
        46,
        null,
        46,
        44,
        null,
        2,
        null,
        null,
        1,
        null,
        null,
        null
      ],
      "/Volumes/Development/kowsalya-github/circuit-oneops-1/components/cookbooks/neutron/libraries/models/tenant_model.rb": [
        1,
        null,
        1,
        null,
        1,
        47,
        46,
        45,
        44,
        null,
        43,
        43,
        43,
        43,
        null,
        null,
        1,
        null,
        1,
        170,
        170,
        170,
        null,
        null,
        1,
        168,
        null,
        null,
        1,
        168,
        null,
        null,
        1,
        1,
        1,
        1,
        1,
        null,
        1,
        null,
        null
      ],
      "/Volumes/Development/kowsalya-github/circuit-oneops-1/components/cookbooks/neutron/libraries/loadbalancer_manager.rb": [
        1,
        1,
        1,
        1,
        1,
        1,
        1,
        1,
        1,
        1,
        null,
        1,
        null,
        1,
        19,
        null,
        19,
        19,
        19,
        19,
        19,
        19,
        null,
        null,
        1,
        2,
        null,
        2,
        1,
        1,
        null,
        1,
        1,
        1,
        1,
        1,
        0,
        0,
        0,
        0,
        0,
        null,
        0,
        0,
        null,
        null,
        1,
        1,
        null,
        null,
        null,
        1,
        null,
        0,
        0,
        null,
        null,
        1,
        14,
        null,
        12,
        9,
        null,
        3,
        1,
        null,
        null,
        10,
        10,
        10,
        10,
        10,
        10,
        10,
        null,
        10,
        null,
        10,
        null,
        null,
        null,
        1,
        5,
        null,
        4,
        3,
        1,
        0,
        null,
        2,
        2,
        2,
        2,
        null,
        2,
        2,
        null,
        2,
        null,
        null,
        2,
        0,
        null,
        null,
        2,
        null,
        null,
        1,
        1,
        1,
        1,
        0,
        0,
        1,
        1,
        1,
        null,
        null,
        null,
        null,
        null,
        null,
        null,
        null
      ],
      "/Volumes/Development/kowsalya-github/circuit-oneops-1/components/cookbooks/neutron/libraries/data_access/lbaas/loadbalancer_dao.rb": [
        1,
        null,
        1,
        null,
        1,
        19,
        null,
        19,
        null,
        null,
        1,
        1,
        null,
        1,
        1,
        1,
        1,
        null,
        null,
        1,
        null,
        null,
        1,
        0,
        null,
        0,
        null,
        0,
        0,
        0,
        null,
        0,
        null,
        null,
        null,
        1,
        2,
        null,
        2,
        2,
        2,
        null,
        2,
        1,
        null,
        1,
        null,
        null,
        null,
        1,
        8,
        null,
        8,
        8,
        5,
        null,
        5,
        4,
        null,
        1,
        null,
        null,
        null,
        1,
        11,
        null,
        11,
        null,
        11,
        11,
        11,
        null,
        null,
        null,
        11,
        11,
        11,
        11,
        null,
        null,
        11,
        null,
        null,
        1,
        2,
        null,
        2,
        2,
        null,
        null,
        null,
        null,
        1,
        0,
        0,
        null,
        0,
        null,
        null,
        1,
        0,
        0,
        0,
        null,
        0,
        null,
        0,
        null,
        null,
        null
      ],
      "/Volumes/Development/kowsalya-github/circuit-oneops-1/components/cookbooks/neutron/libraries/data_access/lbaas/listener_dao.rb": [
        1,
        1,
        null,
        1,
        null,
        1,
        25,
        null,
        25,
        null,
        null,
        1,
        2,
        2,
        null,
        2,
        2,
        null,
        0,
        0,
        null,
        null,
        0,
        null,
        null,
        1,
        10,
        null,
        10,
        10,
        null,
        10,
        10,
        null,
        null,
        10,
        10,
        10,
        10,
        null,
        10,
        null,
        null,
        null,
        1,
        5,
        null,
        5,
        5,
        null,
        4,
        3,
        1,
        1,
        null,
        null,
        null,
        1,
        5,
        5,
        null,
        5,
        5,
        null,
        null,
        1,
        0,
        0,
        null,
        0,
        0,
        null,
        0,
        0,
        null,
        null,
        0,
        null,
        null,
        null
      ],
      "/Volumes/Development/kowsalya-github/circuit-oneops-1/components/cookbooks/neutron/libraries/requests/lbaas/listener_request.rb": [
        1,
        1,
        null,
        1,
        null,
        1,
        2,
        null,
        null,
        null,
        null,
        null,
        null,
        null,
        2,
        14,
        10,
        null,
        2,
        null,
        null,
        null,
        null,
        null,
        null,
        null,
        1,
        0,
        null,
        0,
        0,
        0,
        null,
        null,
        0,
        null,
        null,
        null,
        null,
        null,
        null,
        null,
        1,
        0,
        null,
        null,
        null,
        null,
        null,
        null,
        null,
        1,
        15,
        null,
        null,
        null,
        null,
        null,
        null,
        1,
        5,
        null,
        null,
        null,
        null,
        null,
        null
      ],
      "/Volumes/Development/kowsalya-github/circuit-oneops-1/components/cookbooks/neutron/libraries/requests/base_request.rb": [
        1,
        1,
        1,
        1,
        null,
        null,
        1,
        1,
        1,
        1,
        null,
        1,
        167,
        167,
        167,
        167,
        167,
        167,
        167,
        167,
        null,
        null,
        1,
        143,
        143,
        null,
        143,
        143,
        null,
        null,
        null,
        null,
        null,
        null,
        null,
        null,
        0,
        0,
        null,
        null,
        143,
        null,
        null,
        1,
        143,
        143,
        null,
        null,
        null,
        null,
        null,
        null,
        2,
        null,
        null,
        137,
        null,
        null,
        1,
        27,
        null,
        27,
        27,
        27,
        null,
        27,
        27,
        27,
        27,
        27,
        null,
        0,
        0,
        null,
        null,
        27,
        null,
        null,
        null
      ],
      "/Volumes/Development/kowsalya-github/circuit-oneops-1/components/cookbooks/neutron/libraries/data_access/lbaas/pool_dao.rb": [
        1,
        1,
        null,
        1,
        null,
        1,
        27,
        null,
        27,
        null,
        null,
        1,
        0,
        0,
        0,
        null,
        0,
        0,
        0,
        0,
        null,
        null,
        0,
        null,
        null,
        1,
        16,
        null,
        16,
        16,
        16,
        16,
        null,
        null,
        16,
        16,
        16,
        16,
        16,
        null,
        16,
        null,
        null,
        null,
        1,
        7,
        7,
        null,
        7,
        null,
        7,
        null,
        null,
        1,
        1,
        1,
        1,
        null,
        1,
        null,
        1,
        1,
        1,
        1,
        1,
        null,
        null,
        1,
        null,
        null,
        null,
        null
      ],
      "/Volumes/Development/kowsalya-github/circuit-oneops-1/components/cookbooks/neutron/libraries/requests/lbaas/pool_request.rb": [
        1,
        1,
        null,
        1,
        null,
        1,
        0,
        null,
        null,
        null,
        null,
        null,
        null,
        null,
        0,
        0,
        0,
        null,
        null,
        0,
        null,
        null,
        null,
        null,
        null,
        null,
        null,
        1,
        1,
        null,
        1,
        6,
        5,
        null,
        1,
        null,
        null,
        null,
        null,
        null,
        null,
        null,
        1,
        0,
        null,
        null,
        null,
        null,
        null,
        null,
        null,
        1,
        16,
        null,
        null,
        null,
        null,
        null,
        null,
        1,
        7,
        null,
        null,
        null,
        null,
        null,
        null
      ],
      "/Volumes/Development/kowsalya-github/circuit-oneops-1/components/cookbooks/neutron/libraries/data_access/lbaas/member_dao.rb": [
        1,
        1,
        null,
        1,
        null,
        1,
        33,
        null,
        33,
        null,
        null,
        1,
        2,
        2,
        2,
        null,
        2,
        2,
        2,
        2,
        null,
        null,
        2,
        null,
        null,
        1,
        13,
        null,
        13,
        13,
        null,
        13,
        13,
        26,
        null,
        26,
        26,
        26,
        null,
        null,
        13,
        null,
        null,
        null,
        1,
        1,
        1,
        null,
        1,
        1,
        null,
        null,
        1,
        0,
        0,
        0,
        null,
        0,
        0,
        0,
        0,
        null,
        null,
        0,
        null,
        null,
        null
      ],
      "/Volumes/Development/kowsalya-github/circuit-oneops-1/components/cookbooks/neutron/libraries/requests/lbaas/member_request.rb": [
        1,
        1,
        null,
        1,
        null,
        1,
        2,
        null,
        null,
        null,
        null,
        null,
        null,
        null,
        2,
        10,
        8,
        null,
        null,
        2,
        null,
        null,
        null,
        null,
        null,
        null,
        null,
        1,
        0,
        null,
        0,
        0,
        0,
        null,
        null,
        0,
        null,
        null,
        null,
        null,
        null,
        null,
        null,
        1,
        13,
        null,
        null,
        null,
        null,
        null,
        null,
        null,
        1,
        0,
        null,
        null,
        null,
        null,
        null,
        null,
        1,
        1,
        null,
        null,
        null,
        null,
        null,
        null
      ],
      "/Volumes/Development/kowsalya-github/circuit-oneops-1/components/cookbooks/neutron/libraries/data_access/lbaas/health_monitor_dao.rb": [
        1,
        1,
        null,
        1,
        null,
        1,
        29,
        null,
        29,
        null,
        null,
        1,
        0,
        0,
        0,
        null,
        0,
        0,
        null,
        null,
        0,
        0,
        null,
        null,
        0,
        null,
        null,
        1,
        15,
        null,
        15,
        15,
        null,
        15,
        15,
        null,
        null,
        15,
        15,
        15,
        15,
        null,
        15,
        null,
        null,
        null,
        1,
        7,
        7,
        null,
        7,
        null,
        7,
        null,
        null,
        1,
        1,
        1,
        null,
        1,
        1,
        null,
        1,
        1,
        null,
        1,
        null,
        null,
        null
      ],
      "/Volumes/Development/kowsalya-github/circuit-oneops-1/components/cookbooks/neutron/libraries/requests/lbaas/health_monitor_request.rb": [
        1,
        1,
        null,
        1,
        null,
        1,
        0,
        null,
        null,
        null,
        null,
        null,
        null,
        null,
        null,
        null,
        0,
        0,
        0,
        null,
        null,
        0,
        null,
        null,
        null,
        null,
        null,
        null,
        null,
        1,
        1,
        null,
        1,
        8,
        4,
        null,
        1,
        null,
        null,
        null,
        null,
        null,
        null,
        null,
        1,
        0,
        null,
        null,
        null,
        null,
        null,
        null,
        null,
        1,
        15,
        null,
        null,
        null,
        null,
        null,
        null,
        1,
        7,
        null,
        null,
        null,
        null,
        null,
        null,
        null
      ],
      "/Volumes/Development/kowsalya-github/circuit-oneops-1/components/cookbooks/neutron/libraries/requests/lbaas/loadbalancer_request.rb": [
        1,
        1,
        null,
        1,
        null,
        1,
        1,
        null,
        null,
        null,
        null,
        null,
        1,
        7,
        4,
        null,
        null,
        1,
        null,
        null,
        null,
        null,
        null,
        null,
        null,
        1,
        0,
        null,
        0,
        0,
        0,
        null,
        null,
        0,
        null,
        null,
        null,
        null,
        null,
        null,
        null,
        1,
        10,
        null,
        null,
        null,
        null,
        null,
        null,
        null,
        1,
        38,
        null,
        null,
        null,
        null,
        null,
        null,
        1,
        2,
        null,
        null,
        null,
        null,
        null,
        null,
        1,
        0,
        null,
        null,
        null,
        null,
        null,
        null
      ],
      "/Volumes/Development/kowsalya-github/circuit-oneops-1/components/cookbooks/neutron/libraries/network_manager.rb": [
        1,
        null,
        1,
        null,
        1,
        7,
        null,
        7,
        null,
        null,
        1,
        7,
        null,
        7,
        null,
        null
      ],
      "/Volumes/Development/kowsalya-github/circuit-oneops-1/components/cookbooks/neutron/libraries/data_access/network/subnet_dao.rb": [
        1,
        null,
        1,
        null,
        1,
        7,
        null,
        7,
        null,
        null,
        1,
        7,
        null,
        7,
        7,
        7,
        null,
        7,
        null,
        null,
        null
      ],
      "/Volumes/Development/kowsalya-github/circuit-oneops-1/components/cookbooks/neutron/libraries/requests/network/subnet_request.rb": [
        1,
        1,
        null,
        1,
        null,
        1,
        7,
        null,
        null,
        null,
        null,
        null,
        null,
        null,
        1,
        0,
        null,
        null,
        null,
        null,
        null,
        null,
        null
      ],
      "/Volumes/Development/kowsalya-github/circuit-oneops-1/components/cookbooks/neutron/libraries/health_monitor_manager.rb": [
        1,
        1,
        1,
        1,
        1,
        1,
        1,
        1,
        1,
        1,
        1,
        1,
        2,
        null,
        null,
        1,
        1,
        null,
        null
      ],
      "/Volumes/Development/kowsalya-github/circuit-oneops-1/components/cookbooks/neutron/libraries/listener_manager.rb": [
        1,
        1,
        1,
        1,
        1,
        1,
        1,
        1,
        1,
        1,
        1,
        null,
        1,
        6,
        null,
        6,
        6,
        6,
        6,
        null,
        null,
        null,
        1,
        1,
        0,
        0,
        0,
        null,
        0,
        null,
        null,
        null,
        1,
        null,
        5,
        5,
        5,
        null,
        null,
        5,
        5,
        5,
        null,
        null,
        5,
        3,
        0,
        null,
        null,
        null,
        null
      ],
      "/Volumes/Development/kowsalya-github/circuit-oneops-1/components/cookbooks/neutron/libraries/member_manager.rb": [
        1,
        1,
        1,
        1,
        1,
        1,
        1,
        1,
        1,
        1,
        null,
        null,
        1,
        null,
        1,
        6,
        6,
        null,
        null,
        null,
        1,
        1,
        1,
        null,
        null,
        1,
        1,
        1,
        null,
        null,
        1,
        null,
        2,
        2,
        3,
        1,
        null,
        null,
        1,
        null,
        null,
        1,
        2,
        2,
        null,
        null,
        null
      ],
      "/Volumes/Development/kowsalya-github/circuit-oneops-1/components/cookbooks/neutron/libraries/pool_manager.rb": [
        1,
        1,
        1,
        1,
        1,
        1,
        1,
        1,
        1,
        1,
        1,
        1,
        2,
        null,
        2,
        2,
        2,
        null,
        null,
        null,
        1,
        1,
        1,
        null,
        null,
        null
      ]
    },
    "timestamp": 1492719874
  }
}
